[HDF5File: (16777216 / FILE) /home/ubuntu/gsf-project/data/hdf-5/database.hdf5]
[0m==> doing epoch on training data:[0m	
[0m==> online epoch # 1[0m	
 0.3311  0.6689
 0.3767  0.6233
 0.4140  0.5860
 0.2599  0.7401
 0.3075  0.6925
 0.3462  0.6538
 0.4222  0.5778
 0.4112  0.5888
[torch.CudaTensor of size 8x2]

 0.3311  0.6689
 0.3767  0.6233
 0.4140  0.5860
 0.2599  0.7401
 0.3075  0.6925
 0.3462  0.6538
 0.4222  0.5778
 0.4112  0.5888
[torch.FloatTensor of size 8x2]

[0mEpoch: [1][1/250]	Time 52.614 Err 0.6390 Acc: 50.00 LR 1e-01 DataLoadingTime 25.764[0m	
 0.7333  0.2667
 0.7756  0.2244
 0.7394  0.2606
 0.7394  0.2606
 0.7394  0.2606
 0.7644  0.2356
 0.7310  0.2690
 0.7315  0.2685
[torch.CudaTensor of size 8x2]

 0.7333  0.2667
 0.7756  0.2244
 0.7394  0.2606
 0.7394  0.2606
 0.7394  0.2606
 0.7644  0.2356
 0.7310  0.2690
 0.7315  0.2685
[torch.FloatTensor of size 8x2]

[0mEpoch: [1][2/250]	Time 11.408 Err 0.6033 Acc: 50.00 LR 1e-01 DataLoadingTime 10.860[0m	
 0.7297  0.2703
 0.6837  0.3163
 0.7187  0.2813
 0.7334  0.2666
 0.7527  0.2473
 0.6995  0.3005
 0.7187  0.2813
 0.7237  0.2763
[torch.CudaTensor of size 8x2]

 0.7297  0.2703
 0.6837  0.3163
 0.7187  0.2813
 0.7334  0.2666
 0.7527  0.2473
 0.6995  0.3005
 0.7187  0.2813
 0.7237  0.2763
[torch.FloatTensor of size 8x2]

[0mEpoch: [1][3/250]	Time 11.391 Err 0.6516 Acc: 62.50 LR 1e-01 DataLoadingTime 14.038[0m	
 0.5902  0.4098
 0.5792  0.4208
 0.5509  0.4491
 0.5560  0.4440
 0.5513  0.4487
 0.5508  0.4492
 0.5508  0.4492
 0.5561  0.4439
[torch.CudaTensor of size 8x2]

 0.5902  0.4098
 0.5792  0.4208
 0.5509  0.4491
 0.5560  0.4440
 0.5513  0.4487
 0.5508  0.4492
 0.5508  0.4492
 0.5561  0.4439
[torch.FloatTensor of size 8x2]

[0mEpoch: [1][4/250]	Time 11.399 Err 0.6850 Acc: 37.50 LR 1e-01 DataLoadingTime 11.821[0m	
 0.5911  0.4089
 0.5911  0.4089
 0.5890  0.4110
 0.5753  0.4247
 0.5890  0.4110
 0.5902  0.4098
 0.5890  0.4110
 0.5890  0.4110
[torch.CudaTensor of size 8x2]

 0.5911  0.4089
 0.5911  0.4089
 0.5890  0.4110
 0.5753  0.4247
 0.5890  0.4110
 0.5902  0.4098
 0.5890  0.4110
 0.5890  0.4110
[torch.FloatTensor of size 8x2]

[0mEpoch: [1][5/250]	Time 11.410 Err 0.6006 Acc: 50.00 LR 1e-01 DataLoadingTime 9.785[0m	
 0.6407  0.3593
 0.6408  0.3592
 0.6401  0.3599
 0.6401  0.3599
 0.6401  0.3599
 0.6404  0.3596
 0.6401  0.3599
 0.6406  0.3594
[torch.CudaTensor of size 8x2]

 0.6407  0.3593
 0.6408  0.3592
 0.6401  0.3599
 0.6401  0.3599
 0.6401  0.3599
 0.6404  0.3596
 0.6401  0.3599
 0.6406  0.3594
[torch.FloatTensor of size 8x2]

[0mEpoch: [1][6/250]	Time 11.394 Err 0.5976 Acc: 50.00 LR 1e-01 DataLoadingTime 17.948[0m	
 0.6775  0.3225
 0.6808  0.3192
 0.6775  0.3225
 0.6770  0.3230
 0.6775  0.3225
 0.6775  0.3225
 0.6775  0.3225
 0.6816  0.3184
[torch.CudaTensor of size 8x2]

 0.6775  0.3225
 0.6808  0.3192
 0.6775  0.3225
 0.6770  0.3230
 0.6775  0.3225
 0.6775  0.3225
 0.6775  0.3225
 0.6816  0.3184
[torch.FloatTensor of size 8x2]

[0mEpoch: [1][7/250]	Time 11.403 Err 0.6873 Acc: 75.00 LR 1e-01 DataLoadingTime 17.686[0m	
 0.3730  0.6270
 0.3730  0.6270
 0.3757  0.6243
 0.3730  0.6270
 0.3730  0.6270
 0.3931  0.6069
 0.3730  0.6270
 0.3730  0.6270
[torch.CudaTensor of size 8x2]

 0.3730  0.6270
 0.3730  0.6270
 0.3757  0.6243
 0.3730  0.6270
 0.3730  0.6270
 0.3931  0.6069
 0.3730  0.6270
 0.3730  0.6270
[torch.FloatTensor of size 8x2]

[0mEpoch: [1][8/250]	Time 11.392 Err 0.6290 Acc: 50.00 LR 1e-01 DataLoadingTime 9.280[0m	
 0.2820  0.7180
 0.2820  0.7180
 0.2820  0.7180
 0.2820  0.7180
 0.2820  0.7180
 0.2820  0.7180
 0.2820  0.7180
 0.2820  0.7180
[torch.CudaTensor of size 8x2]

 0.2820  0.7180
 0.2820  0.7180
 0.2820  0.7180
 0.2820  0.7180
 0.2820  0.7180
 0.2820  0.7180
 0.2820  0.7180
 0.2820  0.7180
[torch.FloatTensor of size 8x2]

[0mEpoch: [1][9/250]	Time 11.406 Err 0.8802 Acc: 87.50 LR 1e-01 DataLoadingTime 15.205[0m	
 0.7500  0.2500
 0.7502  0.2498
 0.7502  0.2498
 0.7800  0.2200
 0.7502  0.2498
 0.7502  0.2498
 0.7502  0.2498
 0.7502  0.2498
[torch.CudaTensor of size 8x2]

 0.7500  0.2500
 0.7502  0.2498
 0.7502  0.2498
 0.7800  0.2200
 0.7502  0.2498
 0.7502  0.2498
 0.7502  0.2498
 0.7502  0.2498
[torch.FloatTensor of size 8x2]

[0mEpoch: [1][10/250]	Time 11.394 Err 0.6663 Acc: 37.50 LR 1e-01 DataLoadingTime 9.445[0m	
 0.9502  0.0498
 0.9502  0.0498
 0.9502  0.0498
 0.9502  0.0498
 0.9502  0.0498
 0.9502  0.0498
 0.9502  0.0498
 0.9502  0.0498
[torch.CudaTensor of size 8x2]

 0.9502  0.0498
 0.9502  0.0498
 0.9502  0.0498
 0.9502  0.0498
 0.9502  0.0498
 0.9502  0.0498
 0.9502  0.0498
 0.9502  0.0498
[torch.FloatTensor of size 8x2]

[0mEpoch: [1][11/250]	Time 11.368 Err 1.0163 Acc: 75.00 LR 1e-01 DataLoadingTime 15.442[0m	
 0.9832  0.0168
 0.9832  0.0168
 0.9832  0.0168
 0.9832  0.0168
 0.9832  0.0168
 0.9832  0.0168
 0.9832  0.0168
 0.9832  0.0168
[torch.CudaTensor of size 8x2]

 0.9832  0.0168
 0.9832  0.0168
 0.9832  0.0168
 0.9832  0.0168
 0.9832  0.0168
 0.9832  0.0168
 0.9832  0.0168
 0.9832  0.0168
[torch.FloatTensor of size 8x2]

[0mEpoch: [1][12/250]	Time 11.405 Err 0.6848 Acc: 37.50 LR 1e-01 DataLoadingTime 11.168[0m	
 0.9936  0.0064
 0.9936  0.0064
 0.9936  0.0064
 0.9936  0.0064
 0.9936  0.0064
 0.9936  0.0064
 0.9936  0.0064
 0.9936  0.0064
[torch.CudaTensor of size 8x2]

 0.9936  0.0064
 0.9936  0.0064
 0.9936  0.0064
 0.9936  0.0064
 0.9936  0.0064
 0.9936  0.0064
 0.9936  0.0064
 0.9936  0.0064
[torch.FloatTensor of size 8x2]

[0mEpoch: [1][13/250]	Time 11.377 Err 0.8941 Acc: 75.00 LR 1e-01 DataLoadingTime 13.206[0m	
 0.9971  0.0029
 0.9971  0.0029
 0.9971  0.0029
 0.9971  0.0029
 0.9971  0.0029
 0.9971  0.0029
 0.9971  0.0029
 0.9971  0.0029
[torch.CudaTensor of size 8x2]

 0.9971  0.0029
 0.9971  0.0029
 0.9971  0.0029
 0.9971  0.0029
 0.9971  0.0029
 0.9971  0.0029
 0.9971  0.0029
 0.9971  0.0029
[torch.FloatTensor of size 8x2]

[0mEpoch: [1][14/250]	Time 11.392 Err 1.1454 Acc: 100.00 LR 1e-01 DataLoadingTime 12.938[0m	
 0.9985  0.0015
 0.9788  0.0212
 0.9985  0.0015
 0.9985  0.0015
 0.9985  0.0015
 0.9985  0.0015
 0.9985  0.0015
 0.9985  0.0015
[torch.CudaTensor of size 8x2]

 0.9985  0.0015
 0.9788  0.0212
 0.9985  0.0015
 0.9985  0.0015
 0.9985  0.0015
 0.9985  0.0015
 0.9985  0.0015
 0.9985  0.0015
[torch.FloatTensor of size 8x2]

[0mEpoch: [1][15/250]	Time 11.389 Err 0.7697 Acc: 62.50 LR 1e-01 DataLoadingTime 12.170[0m	
 0.9987  0.0013
 0.9987  0.0013
 0.9987  0.0013
 0.9986  0.0014
 0.9987  0.0013
 0.9987  0.0013
 0.9985  0.0015
 0.9984  0.0016
[torch.CudaTensor of size 8x2]

 0.9987  0.0013
 0.9987  0.0013
 0.9987  0.0013
 0.9986  0.0014
 0.9987  0.0013
 0.9987  0.0013
 0.9985  0.0015
 0.9984  0.0016
[torch.FloatTensor of size 8x2]

[0mEpoch: [1][16/250]	Time 11.348 Err 0.3994 Acc: 25.00 LR 1e-01 DataLoadingTime 14.543[0m	
 0.9992  0.0008
 0.9992  0.0008
 0.9992  0.0008
 0.9987  0.0013
 0.9992  0.0008
 0.9992  0.0008
 0.9992  0.0008
 0.9992  0.0008
[torch.CudaTensor of size 8x2]

 0.9992  0.0008
 0.9992  0.0008
 0.9992  0.0008
 0.9987  0.0013
 0.9992  0.0008
 0.9992  0.0008
 0.9992  0.0008
 0.9992  0.0008
[torch.FloatTensor of size 8x2]

[0mEpoch: [1][17/250]	Time 11.399 Err 0.5632 Acc: 25.00 LR 1e-01 DataLoadingTime 10.120[0m	
 0.9995  0.0005
 0.9995  0.0005
 0.9995  0.0005
 0.9995  0.0005
 0.9995  0.0005
 0.9995  0.0005
 0.9995  0.0005
 0.9995  0.0005
[torch.CudaTensor of size 8x2]

 0.9995  0.0005
 0.9995  0.0005
 0.9995  0.0005
 0.9995  0.0005
 0.9995  0.0005
 0.9995  0.0005
 0.9995  0.0005
 0.9995  0.0005
[torch.FloatTensor of size 8x2]

[0mEpoch: [1][18/250]	Time 11.385 Err 0.8130 Acc: 50.00 LR 1e-01 DataLoadingTime 14.571[0m	
 0.9997  0.0003
 0.9997  0.0003
 0.9997  0.0003
 0.9996  0.0004
 0.9996  0.0004
 0.9997  0.0003
 0.9997  0.0003
 0.9996  0.0004
[torch.CudaTensor of size 8x2]

 0.9997  0.0003
 0.9997  0.0003
 0.9997  0.0003
 0.9996  0.0004
 0.9996  0.0004
 0.9997  0.0003
 0.9997  0.0003
 0.9996  0.0004
[torch.FloatTensor of size 8x2]

[0mEpoch: [1][19/250]	Time 11.367 Err 0.5241 Acc: 37.50 LR 1e-01 DataLoadingTime 13.508[0m	
 0.9997  0.0003
 0.9997  0.0003
 0.9997  0.0003
 0.9997  0.0003
 0.9997  0.0003
 0.9997  0.0003
 0.9997  0.0003
 0.9997  0.0003
[torch.CudaTensor of size 8x2]

 0.9997  0.0003
 0.9997  0.0003
 0.9997  0.0003
 0.9997  0.0003
 0.9997  0.0003
 0.9997  0.0003
 0.9997  0.0003
 0.9997  0.0003
[torch.FloatTensor of size 8x2]

[0mEpoch: [1][20/250]	Time 11.369 Err 0.5633 Acc: 25.00 LR 1e-01 DataLoadingTime 13.719[0m	
 0.9998  0.0002
 0.9998  0.0002
 0.9998  0.0002
 0.9998  0.0002
 0.9998  0.0002
 0.9998  0.0002
 0.9998  0.0002
 0.9998  0.0002
[torch.CudaTensor of size 8x2]

 0.9998  0.0002
 0.9998  0.0002
 0.9998  0.0002
 0.9998  0.0002
 0.9998  0.0002
 0.9998  0.0002
 0.9998  0.0002
 0.9998  0.0002
[torch.FloatTensor of size 8x2]

[0mEpoch: [1][21/250]	Time 11.385 Err 0.8989 Acc: 75.00 LR 1e-01 DataLoadingTime 12.337[0m	
 0.9998  0.0002
 0.9998  0.0002
 0.9998  0.0002
 0.9998  0.0002
 0.9998  0.0002
 0.9998  0.0002
 0.9998  0.0002
 0.9998  0.0002
[torch.CudaTensor of size 8x2]

 0.9998  0.0002
 0.9998  0.0002
 0.9998  0.0002
 0.9998  0.0002
 0.9998  0.0002
 0.9998  0.0002
 0.9998  0.0002
 0.9998  0.0002
[torch.FloatTensor of size 8x2]

[0mEpoch: [1][22/250]	Time 11.363 Err 0.8132 Acc: 50.00 LR 1e-01 DataLoadingTime 11.615[0m	
 0.9999  0.0001
 0.9999  0.0001
 0.9999  0.0001
 0.9999  0.0001
 0.9999  0.0001
 0.9999  0.0001
 0.9999  0.0001
 0.9999  0.0001
[torch.CudaTensor of size 8x2]

 0.9999  0.0001
 0.9999  0.0001
 0.9999  0.0001
 0.9999  0.0001
 0.9999  0.0001
 0.9999  0.0001
 0.9999  0.0001
 0.9999  0.0001
[torch.FloatTensor of size 8x2]

[0mEpoch: [1][23/250]	Time 11.391 Err 0.4383 Acc: 12.50 LR 1e-01 DataLoadingTime 9.831[0m	
 0.9999  0.0001
 0.9999  0.0001
 0.9999  0.0001
 0.9999  0.0001
 0.9999  0.0001
 0.9999  0.0001
 0.9999  0.0001
 0.9998  0.0002
[torch.CudaTensor of size 8x2]

 0.9999  0.0001
 0.9999  0.0001
 0.9999  0.0001
 0.9999  0.0001
 0.9999  0.0001
 0.9999  0.0001
 0.9999  0.0001
 0.9998  0.0002
[torch.FloatTensor of size 8x2]

[0mEpoch: [1][24/250]	Time 11.350 Err 0.6882 Acc: 37.50 LR 1e-01 DataLoadingTime 13.377[0m	
 0.9999  0.0001
 0.9999  0.0001
 0.9999  0.0001
 0.9999  0.0001
 0.9999  0.0001
 0.9999  0.0001
 0.9999  0.0001
 0.9999  0.0001
[torch.CudaTensor of size 8x2]

 0.9999  0.0001
 0.9999  0.0001
 0.9999  0.0001
 0.9999  0.0001
 0.9999  0.0001
 0.9999  0.0001
 0.9999  0.0001
 0.9999  0.0001
[torch.FloatTensor of size 8x2]

[0mEpoch: [1][25/250]	Time 11.369 Err 0.5633 Acc: 25.00 LR 1e-01 DataLoadingTime 13.562[0m	
 0.9999  0.0001
 0.9999  0.0001
 0.9999  0.0001
 0.9999  0.0001
 0.9999  0.0001
 0.9999  0.0001
 0.9999  0.0001
 0.9999  0.0001
[torch.CudaTensor of size 8x2]

 0.9999  0.0001
 0.9999  0.0001
 0.9999  0.0001
 0.9999  0.0001
 0.9999  0.0001
 0.9999  0.0001
 0.9999  0.0001
 0.9999  0.0001
[torch.FloatTensor of size 8x2]

[0mEpoch: [1][26/250]	Time 11.390 Err 0.8990 Acc: 75.00 LR 1e-01 DataLoadingTime 14.039[0m	
 0.9999  0.0001
 0.9999  0.0001
 0.9999  0.0001
 0.9999  0.0001
 0.9999  0.0001
 0.9999  0.0001
 0.9999  0.0001
 0.9999  0.0001
[torch.CudaTensor of size 8x2]

 0.9999  0.0001
 0.9999  0.0001
 0.9999  0.0001
 0.9999  0.0001
 0.9999  0.0001
 0.9999  0.0001
 0.9999  0.0001
 0.9999  0.0001
[torch.FloatTensor of size 8x2]

[0mEpoch: [1][27/250]	Time 11.394 Err 0.9382 Acc: 62.50 LR 1e-01 DataLoadingTime 12.590[0m	
 0.9999  0.0001
 0.9999  0.0001
 0.9999  0.0001
 0.9999  0.0001
 0.9999  0.0001
 0.9999  0.0001
 0.9999  0.0001
 0.9999  0.0001
[torch.CudaTensor of size 8x2]

 0.9999  0.0001
 0.9999  0.0001
 0.9999  0.0001
 0.9999  0.0001
 0.9999  0.0001
 0.9999  0.0001
 0.9999  0.0001
 0.9999  0.0001
[torch.FloatTensor of size 8x2]

[0mEpoch: [1][28/250]	Time 11.380 Err 0.6491 Acc: 50.00 LR 1e-01 DataLoadingTime 10.972[0m	
 1.0000  0.0000
 1.0000  0.0000
 1.0000  0.0000
 1.0000  0.0000
 1.0000  0.0000
 1.0000  0.0000
 1.0000  0.0000
 1.0000  0.0000
[torch.CudaTensor of size 8x2]

 1.0000  0.0000
 1.0000  0.0000
 1.0000  0.0000
 1.0000  0.0000
 1.0000  0.0000
 1.0000  0.0000
 1.0000  0.0000
 1.0000  0.0000
[torch.FloatTensor of size 8x2]

[0mEpoch: [1][29/250]	Time 11.363 Err 0.6491 Acc: 50.00 LR 1e-01 DataLoadingTime 17.594[0m	
 1.0000  0.0000
 1.0000  0.0000
 1.0000  0.0000
 1.0000  0.0000
 1.0000  0.0000
 1.0000  0.0000
 1.0000  0.0000
 1.0000  0.0000
[torch.CudaTensor of size 8x2]

 1.0000  0.0000
 1.0000  0.0000
 1.0000  0.0000
 1.0000  0.0000
 1.0000  0.0000
 1.0000  0.0000
 1.0000  0.0000
 1.0000  0.0000
[torch.FloatTensor of size 8x2]

[0mEpoch: [1][30/250]	Time 11.382 Err 0.2741 Acc: 12.50 LR 1e-01 DataLoadingTime 13.062[0m	
 1.0000  0.0000
 1.0000  0.0000
 1.0000  0.0000
 1.0000  0.0000
 1.0000  0.0000
 1.0000  0.0000
 1.0000  0.0000
 1.0000  0.0000
[torch.CudaTensor of size 8x2]

 1.0000  0.0000
 1.0000  0.0000
 1.0000  0.0000
 1.0000  0.0000
 1.0000  0.0000
 1.0000  0.0000
 1.0000  0.0000
 1.0000  0.0000
[torch.FloatTensor of size 8x2]

[0mEpoch: [1][31/250]	Time 11.377 Err 0.6883 Acc: 37.50 LR 1e-01 DataLoadingTime 15.146[0m	
 1.0000  0.0000
 1.0000  0.0000
 1.0000  0.0000
 1.0000  0.0000
 1.0000  0.0000
 1.0000  0.0000
 1.0000  0.0000
 1.0000  0.0000
[torch.CudaTensor of size 8x2]

 1.0000  0.0000
 1.0000  0.0000
 1.0000  0.0000
 1.0000  0.0000
 1.0000  0.0000
 1.0000  0.0000
 1.0000  0.0000
 1.0000  0.0000
[torch.FloatTensor of size 8x2]

[0mEpoch: [1][32/250]	Time 11.382 Err 0.8991 Acc: 75.00 LR 1e-01 DataLoadingTime 8.590[0m	
 1.0000  0.0000
 1.0000  0.0000
 1.0000  0.0000
 1.0000  0.0000
 1.0000  0.0000
 1.0000  0.0000
 1.0000  0.0000
 1.0000  0.0000
[torch.CudaTensor of size 8x2]

 1.0000  0.0000
 1.0000  0.0000
 1.0000  0.0000
 1.0000  0.0000
 1.0000  0.0000
 1.0000  0.0000
 1.0000  0.0000
 1.0000  0.0000
[torch.FloatTensor of size 8x2]

[0mEpoch: [1][33/250]	Time 11.375 Err 0.8132 Acc: 50.00 LR 1e-01 DataLoadingTime 12.459[0m	
 1.0000  0.0000
 1.0000  0.0000
 1.0000  0.0000
 1.0000  0.0000
 1.0000  0.0000
 1.0000  0.0000
 1.0000  0.0000
 1.0000  0.0000
[torch.CudaTensor of size 8x2]

 1.0000  0.0000
 1.0000  0.0000
 1.0000  0.0000
 1.0000  0.0000
 1.0000  0.0000
 1.0000  0.0000
 1.0000  0.0000
 1.0000  0.0000
[torch.FloatTensor of size 8x2]

[0mEpoch: [1][34/250]	Time 11.357 Err 0.6883 Acc: 37.50 LR 1e-01 DataLoadingTime 14.162[0m	
 1.0000  0.0000
 1.0000  0.0000
 1.0000  0.0000
 1.0000  0.0000
 1.0000  0.0000
 1.0000  0.0000
 1.0000  0.0000
 1.0000  0.0000
[torch.CudaTensor of size 8x2]

 1.0000  0.0000
 1.0000  0.0000
 1.0000  0.0000
 1.0000  0.0000
 1.0000  0.0000
 1.0000  0.0000
 1.0000  0.0000
 1.0000  0.0000
[torch.FloatTensor of size 8x2]

[0mEpoch: [1][35/250]	Time 11.346 Err 0.6883 Acc: 37.50 LR 1e-01 DataLoadingTime 9.563[0m	
 1.0000  0.0000
 1.0000  0.0000
 1.0000  0.0000
 1.0000  0.0000
 1.0000  0.0000
 1.0000  0.0000
 1.0000  0.0000
 1.0000  0.0000
[torch.CudaTensor of size 8x2]

 1.0000  0.0000
 1.0000  0.0000
 1.0000  0.0000
 1.0000  0.0000
 1.0000  0.0000
 1.0000  0.0000
 1.0000  0.0000
 1.0000  0.0000
[torch.FloatTensor of size 8x2]

[0mEpoch: [1][36/250]	Time 11.437 Err 0.5241 Acc: 37.50 LR 1e-01 DataLoadingTime 12.739[0m	
 1.0000  0.0000
 1.0000  0.0000
 0.9999  0.0001
 1.0000  0.0000
 1.0000  0.0000
 1.0000  0.0000
 1.0000  0.0000
 1.0000  0.0000
[torch.CudaTensor of size 8x2]

 1.0000  0.0000
 1.0000  0.0000
 0.9999  0.0001
 1.0000  0.0000
 1.0000  0.0000
 1.0000  0.0000
 1.0000  0.0000
 1.0000  0.0000
[torch.FloatTensor of size 8x2]

[0mEpoch: [1][37/250]	Time 11.383 Err 0.7741 Acc: 62.50 LR 1e-01 DataLoadingTime 8.048[0m	
 1.0000  0.0000
 1.0000  0.0000
 1.0000  0.0000
 1.0000  0.0000
 1.0000  0.0000
 1.0000  0.0000
 1.0000  0.0000
 1.0000  0.0000
[torch.CudaTensor of size 8x2]

 1.0000  0.0000
 1.0000  0.0000
 1.0000  0.0000
 1.0000  0.0000
 1.0000  0.0000
 1.0000  0.0000
 1.0000  0.0000
 1.0000  0.0000
[torch.FloatTensor of size 8x2]

[0mEpoch: [1][38/250]	Time 11.367 Err 0.9382 Acc: 62.50 LR 1e-01 DataLoadingTime 15.948[0m	
 1.0000  0.0000
 1.0000  0.0000
 1.0000  0.0000
 0.9999  0.0001
 1.0000  0.0000
 1.0000  0.0000
 1.0000  0.0000
 1.0000  0.0000
[torch.CudaTensor of size 8x2]

 1.0000  0.0000
 1.0000  0.0000
 1.0000  0.0000
 0.9999  0.0001
 1.0000  0.0000
 1.0000  0.0000
 1.0000  0.0000
 1.0000  0.0000
[torch.FloatTensor of size 8x2]

[0mEpoch: [1][39/250]	Time 11.374 Err 1.0241 Acc: 87.50 LR 1e-01 DataLoadingTime 11.754[0m	
 1.0000  0.0000
 1.0000  0.0000
 1.0000  0.0000
 1.0000  0.0000
 1.0000  0.0000
 1.0000  0.0000
 1.0000  0.0000
 1.0000  0.0000
[torch.CudaTensor of size 8x2]

 1.0000  0.0000
 1.0000  0.0000
 1.0000  0.0000
 1.0000  0.0000
 1.0000  0.0000
 1.0000  0.0000
 1.0000  0.0000
 1.0000  0.0000
[torch.FloatTensor of size 8x2]

[0mEpoch: [1][40/250]	Time 11.382 Err 0.5633 Acc: 25.00 LR 1e-01 DataLoadingTime 12.351[0m	
 1.0000  0.0000
 1.0000  0.0000
 1.0000  0.0000
 1.0000  0.0000
 1.0000  0.0000
 1.0000  0.0000
 1.0000  0.0000
 1.0000  0.0000
[torch.CudaTensor of size 8x2]

 1.0000  0.0000
 1.0000  0.0000
 1.0000  0.0000
 1.0000  0.0000
 1.0000  0.0000
 1.0000  0.0000
 1.0000  0.0000
 1.0000  0.0000
[torch.FloatTensor of size 8x2]

[0mEpoch: [1][41/250]	Time 11.449 Err 0.9382 Acc: 62.50 LR 1e-01 DataLoadingTime 12.446[0m	
 0.9999  0.0001
 1.0000  0.0000
 1.0000  0.0000
 1.0000  0.0000
 1.0000  0.0000
 1.0000  0.0000
 1.0000  0.0000
 1.0000  0.0000
[torch.CudaTensor of size 8x2]

 0.9999  0.0001
 1.0000  0.0000
 1.0000  0.0000
 1.0000  0.0000
 1.0000  0.0000
 1.0000  0.0000
 1.0000  0.0000
 1.0000  0.0000
[torch.FloatTensor of size 8x2]

[0mEpoch: [1][42/250]	Time 11.429 Err 0.7741 Acc: 62.50 LR 1e-01 DataLoadingTime 10.179[0m	
 0.9999  0.0001
 0.9999  0.0001
 0.9999  0.0001
 0.9999  0.0001
 0.9999  0.0001
 0.9999  0.0001
 0.9999  0.0001
 0.9999  0.0001
[torch.CudaTensor of size 8x2]

 0.9999  0.0001
 0.9999  0.0001
 0.9999  0.0001
 0.9999  0.0001
 0.9999  0.0001
 0.9999  0.0001
 0.9999  0.0001
 0.9999  0.0001
[torch.FloatTensor of size 8x2]

[0mEpoch: [1][43/250]	Time 11.392 Err 0.8132 Acc: 50.00 LR 1e-01 DataLoadingTime 11.625[0m	
 0.9999  0.0001
 0.9999  0.0001
 0.9999  0.0001
 0.9999  0.0001
 0.9999  0.0001
 0.9999  0.0001
 0.9999  0.0001
 0.9999  0.0001
[torch.CudaTensor of size 8x2]

 0.9999  0.0001
 0.9999  0.0001
 0.9999  0.0001
 0.9999  0.0001
 0.9999  0.0001
 0.9999  0.0001
 0.9999  0.0001
 0.9999  0.0001
[torch.FloatTensor of size 8x2]

[0mEpoch: [1][44/250]	Time 11.433 Err 1.0241 Acc: 87.50 LR 1e-01 DataLoadingTime 12.075[0m	
 0.9999  0.0001
 0.9999  0.0001
 0.9999  0.0001
 0.9999  0.0001
 0.9999  0.0001
 0.9999  0.0001
 0.9999  0.0001
 0.9999  0.0001
[torch.CudaTensor of size 8x2]

 0.9999  0.0001
 0.9999  0.0001
 0.9999  0.0001
 0.9999  0.0001
 0.9999  0.0001
 0.9999  0.0001
 0.9999  0.0001
 0.9999  0.0001
[torch.FloatTensor of size 8x2]

[0mEpoch: [1][45/250]	Time 11.387 Err 0.5633 Acc: 25.00 LR 1e-01 DataLoadingTime 10.400[0m	
 0.9999  0.0001
 0.9999  0.0001
 0.9999  0.0001
 0.9999  0.0001
 0.9999  0.0001
 0.9999  0.0001
 0.9999  0.0001
 0.9999  0.0001
[torch.CudaTensor of size 8x2]

 0.9999  0.0001
 0.9999  0.0001
 0.9999  0.0001
 0.9999  0.0001
 0.9999  0.0001
 0.9999  0.0001
 0.9999  0.0001
 0.9999  0.0001
[torch.FloatTensor of size 8x2]

[0mEpoch: [1][46/250]	Time 11.389 Err 0.8132 Acc: 50.00 LR 1e-01 DataLoadingTime 10.311[0m	
 1.0000  0.0000
 1.0000  0.0000
 1.0000  0.0000
 1.0000  0.0000
 1.0000  0.0000
 1.0000  0.0000
 1.0000  0.0000
 1.0000  0.0000
[torch.CudaTensor of size 8x2]

 1.0000  0.0000
 1.0000  0.0000
 1.0000  0.0000
 1.0000  0.0000
 1.0000  0.0000
 1.0000  0.0000
 1.0000  0.0000
 1.0000  0.0000
[torch.FloatTensor of size 8x2]

[0mEpoch: [1][47/250]	Time 11.389 Err 0.6883 Acc: 37.50 LR 1e-01 DataLoadingTime 10.125[0m	
