[HDF5File: (16777216 / FILE) /home/ubuntu/gsf-project/data/hdf-5/database.hdf5]
[0m==> doing epoch on training data:[0m	
[0m==> online epoch # 1[0m	
 0.8031  0.1969
 0.8125  0.1875
 0.7700  0.2300
 0.8118  0.1882
 0.7814  0.2186
 0.8208  0.1792
 0.7888  0.2112
 0.8056  0.1944
[torch.CudaTensor of size 8x2]

 0.8031  0.1969
 0.8125  0.1875
 0.7700  0.2300
 0.8118  0.1882
 0.7814  0.2186
 0.8208  0.1792
 0.7888  0.2112
 0.8056  0.1944
[torch.FloatTensor of size 8x2]

[0mEpoch: [1][1/100]	Time 52.141 Err 0.5302 Acc: 37.50 LR 1e-02 DataLoadingTime 35.792[0m	
 0.9247  0.0753
 0.9247  0.0753
 0.8851  0.1149
 0.9267  0.0733
 0.8445  0.1555
 0.9307  0.0693
 0.8804  0.1196
 0.8974  0.1026
[torch.CudaTensor of size 8x2]

 0.9247  0.0753
 0.9247  0.0753
 0.8851  0.1149
 0.9267  0.0733
 0.8445  0.1555
 0.9307  0.0693
 0.8804  0.1196
 0.8974  0.1026
[torch.FloatTensor of size 8x2]

[0mEpoch: [1][2/100]	Time 11.391 Err 0.7355 Acc: 62.50 LR 1e-02 DataLoadingTime 14.521[0m	
 0.8713  0.1287
 0.8546  0.1454
 0.8544  0.1456
 0.8467  0.1533
 0.8824  0.1176
 0.8368  0.1632
 0.8504  0.1496
 0.8492  0.1508
[torch.CudaTensor of size 8x2]

 0.8713  0.1287
 0.8546  0.1454
 0.8544  0.1456
 0.8467  0.1533
 0.8824  0.1176
 0.8368  0.1632
 0.8504  0.1496
 0.8492  0.1508
[torch.FloatTensor of size 8x2]

[0mEpoch: [1][3/100]	Time 11.384 Err 0.5789 Acc: 25.00 LR 1e-02 DataLoadingTime 12.796[0m	
 0.8977  0.1023
 0.9052  0.0948
 0.9034  0.0966
 0.8983  0.1017
 0.8732  0.1268
 0.8732  0.1268
 0.9316  0.0684
 0.9239  0.0761
[torch.CudaTensor of size 8x2]

 0.8977  0.1023
 0.9052  0.0948
 0.9034  0.0966
 0.8983  0.1017
 0.8732  0.1268
 0.8732  0.1268
 0.9316  0.0684
 0.9239  0.0761
[torch.FloatTensor of size 8x2]

[0mEpoch: [1][4/100]	Time 11.383 Err 0.4712 Acc: 12.50 LR 1e-02 DataLoadingTime 13.352[0m	
 0.9071  0.0929
 0.9071  0.0929
 0.9071  0.0929
 0.9143  0.0857
 0.9117  0.0883
 0.9047  0.0953
 0.9070  0.0930
 0.9071  0.0929
[torch.CudaTensor of size 8x2]

 0.9071  0.0929
 0.9071  0.0929
 0.9071  0.0929
 0.9143  0.0857
 0.9117  0.0883
 0.9047  0.0953
 0.9070  0.0930
 0.9071  0.0929
[torch.FloatTensor of size 8x2]

[0mEpoch: [1][5/100]	Time 11.398 Err 0.4236 Acc: 25.00 LR 1e-02 DataLoadingTime 10.691[0m	
 0.9118  0.0882
 0.9127  0.0873
 0.8818  0.1182
 0.9199  0.0801
 0.9197  0.0803
 0.9129  0.0871
 0.9038  0.0962
 0.9118  0.0882
[torch.CudaTensor of size 8x2]

 0.9118  0.0882
 0.9127  0.0873
 0.8818  0.1182
 0.9199  0.0801
 0.9197  0.0803
 0.9129  0.0871
 0.9038  0.0962
 0.9118  0.0882
[torch.FloatTensor of size 8x2]

[0mEpoch: [1][6/100]	Time 11.379 Err 0.9795 Acc: 75.00 LR 1e-02 DataLoadingTime 13.316[0m	
 0.8946  0.1054
 0.8946  0.1054
 0.8925  0.1075
 0.8841  0.1159
 0.8834  0.1166
 0.8860  0.1140
 0.8946  0.1054
 0.8946  0.1054
[torch.CudaTensor of size 8x2]

 0.8946  0.1054
 0.8946  0.1054
 0.8925  0.1075
 0.8841  0.1159
 0.8834  0.1166
 0.8860  0.1140
 0.8946  0.1054
 0.8946  0.1054
[torch.FloatTensor of size 8x2]

[0mEpoch: [1][7/100]	Time 11.395 Err 0.6194 Acc: 50.00 LR 1e-02 DataLoadingTime 17.684[0m	
 0.8807  0.1193
 0.8849  0.1151
 0.8849  0.1151
 0.8745  0.1255
 0.8849  0.1151
 0.8849  0.1151
 0.8681  0.1319
 0.8400  0.1600
[torch.CudaTensor of size 8x2]

 0.8807  0.1193
 0.8849  0.1151
 0.8849  0.1151
 0.8745  0.1255
 0.8849  0.1151
 0.8849  0.1151
 0.8681  0.1319
 0.8400  0.1600
[torch.FloatTensor of size 8x2]

[0mEpoch: [1][8/100]	Time 11.397 Err 0.7696 Acc: 50.00 LR 1e-02 DataLoadingTime 11.847[0m	
 0.8497  0.1503
 0.8702  0.1298
 0.8702  0.1298
 0.8702  0.1298
 0.8702  0.1298
 0.8600  0.1400
 0.8702  0.1298
 0.8679  0.1321
[torch.CudaTensor of size 8x2]

 0.8497  0.1503
 0.8702  0.1298
 0.8702  0.1298
 0.8702  0.1298
 0.8702  0.1298
 0.8600  0.1400
 0.8702  0.1298
 0.8679  0.1321
[torch.FloatTensor of size 8x2]

[0mEpoch: [1][9/100]	Time 11.330 Err 0.7097 Acc: 62.50 LR 1e-02 DataLoadingTime 14.696[0m	
 0.8526  0.1474
 0.8414  0.1586
 0.8301  0.1699
 0.8524  0.1476
 0.8526  0.1474
 0.8526  0.1474
 0.8526  0.1474
 0.8414  0.1586
[torch.CudaTensor of size 8x2]

 0.8526  0.1474
 0.8414  0.1586
 0.8301  0.1699
 0.8524  0.1476
 0.8526  0.1474
 0.8526  0.1474
 0.8526  0.1474
 0.8414  0.1586
[torch.FloatTensor of size 8x2]

[0mEpoch: [1][10/100]	Time 11.318 Err 0.5276 Acc: 37.50 LR 1e-02 DataLoadingTime 8.677[0m	
 0.8326  0.1674
 0.8116  0.1884
 0.7691  0.2309
 0.8116  0.1884
 0.8243  0.1757
 0.8116  0.1884
 0.8116  0.1884
 0.8144  0.1856
[torch.CudaTensor of size 8x2]

 0.8326  0.1674
 0.8116  0.1884
 0.7691  0.2309
 0.8116  0.1884
 0.8243  0.1757
 0.8116  0.1884
 0.8116  0.1884
 0.8144  0.1856
[torch.FloatTensor of size 8x2]

[0mEpoch: [1][11/100]	Time 11.366 Err 0.5879 Acc: 25.00 LR 1e-02 DataLoadingTime 13.132[0m	
 0.8021  0.1979
 0.8021  0.1979
 0.7745  0.2255
 0.8232  0.1768
 0.8143  0.1857
 0.8143  0.1857
 0.8137  0.1863
 0.8089  0.1911
[torch.CudaTensor of size 8x2]

 0.8021  0.1979
 0.8021  0.1979
 0.7745  0.2255
 0.8232  0.1768
 0.8143  0.1857
 0.8143  0.1857
 0.8137  0.1863
 0.8089  0.1911
[torch.FloatTensor of size 8x2]

[0mEpoch: [1][12/100]	Time 11.299 Err 0.6574 Acc: 37.50 LR 1e-02 DataLoadingTime 6.982[0m	
 0.8030  0.1970
 0.8030  0.1970
 0.8030  0.1970
 0.8030  0.1970
 0.7757  0.2243
 0.7963  0.2037
 0.8125  0.1875
 0.8030  0.1970
[torch.CudaTensor of size 8x2]

 0.8030  0.1970
 0.8030  0.1970
 0.8030  0.1970
 0.8030  0.1970
 0.7757  0.2243
 0.7963  0.2037
 0.8125  0.1875
 0.8030  0.1970
[torch.FloatTensor of size 8x2]

[0mEpoch: [1][13/100]	Time 11.296 Err 0.6045 Acc: 50.00 LR 1e-02 DataLoadingTime 12.543[0m	
 0.7875  0.2125
 0.7978  0.2022
 0.7673  0.2327
 0.7269  0.2731
 0.7588  0.2412
 0.7401  0.2599
 0.7875  0.2125
 0.7875  0.2125
[torch.CudaTensor of size 8x2]

 0.7875  0.2125
 0.7978  0.2022
 0.7673  0.2327
 0.7269  0.2731
 0.7588  0.2412
 0.7401  0.2599
 0.7875  0.2125
 0.7875  0.2125
[torch.FloatTensor of size 8x2]

[0mEpoch: [1][14/100]	Time 11.375 Err 0.7940 Acc: 62.50 LR 1e-02 DataLoadingTime 14.403[0m	
 0.7042  0.2958
 0.7042  0.2958
 0.7042  0.2958
 0.7042  0.2958
 0.7176  0.2824
 0.6950  0.3050
 0.7137  0.2863
 0.7176  0.2824
[torch.CudaTensor of size 8x2]

 0.7042  0.2958
 0.7042  0.2958
 0.7042  0.2958
 0.7042  0.2958
 0.7176  0.2824
 0.6950  0.3050
 0.7137  0.2863
 0.7176  0.2824
[torch.FloatTensor of size 8x2]

[0mEpoch: [1][15/100]	Time 11.378 Err 0.5449 Acc: 37.50 LR 1e-02 DataLoadingTime 14.840[0m	
 0.6762  0.3238
 0.6762  0.3238
 0.6762  0.3238
 0.6762  0.3238
 0.6762  0.3238
 0.5775  0.4225
 0.6762  0.3238
 0.6762  0.3238
[torch.CudaTensor of size 8x2]

 0.6762  0.3238
 0.6762  0.3238
 0.6762  0.3238
 0.6762  0.3238
 0.6762  0.3238
 0.5775  0.4225
 0.6762  0.3238
 0.6762  0.3238
[torch.FloatTensor of size 8x2]

[0mEpoch: [1][16/100]	Time 11.298 Err 0.6506 Acc: 37.50 LR 1e-02 DataLoadingTime 10.999[0m	
 0.6494  0.3506
 0.6707  0.3293
 0.6553  0.3447
 0.6553  0.3447
 0.6553  0.3447
 0.6664  0.3336
 0.6552  0.3448
 0.6553  0.3447
[torch.CudaTensor of size 8x2]

 0.6494  0.3506
 0.6707  0.3293
 0.6553  0.3447
 0.6553  0.3447
 0.6553  0.3447
 0.6664  0.3336
 0.6552  0.3448
 0.6553  0.3447
[torch.FloatTensor of size 8x2]

[0mEpoch: [1][17/100]	Time 11.394 Err 0.6370 Acc: 62.50 LR 1e-02 DataLoadingTime 12.425[0m	
 0.6349  0.3651
 0.6182  0.3818
 0.6689  0.3311
 0.6182  0.3818
 0.6125  0.3875
 0.7045  0.2955
 0.6182  0.3818
 0.6182  0.3818
[torch.CudaTensor of size 8x2]

 0.6349  0.3651
 0.6182  0.3818
 0.6689  0.3311
 0.6182  0.3818
 0.6125  0.3875
 0.7045  0.2955
 0.6182  0.3818
 0.6182  0.3818
[torch.FloatTensor of size 8x2]

[0mEpoch: [1][18/100]	Time 11.290 Err 0.5650 Acc: 37.50 LR 1e-02 DataLoadingTime 10.926[0m	
 0.5747  0.4253
 0.5969  0.4031
 0.5969  0.4031
 0.6328  0.3672
 0.5969  0.4031
 0.5969  0.4031
 0.6025  0.3975
 0.5969  0.4031
[torch.CudaTensor of size 8x2]

 0.5747  0.4253
 0.5969  0.4031
 0.5969  0.4031
 0.6328  0.3672
 0.5969  0.4031
 0.5969  0.4031
 0.6025  0.3975
 0.5969  0.4031
[torch.FloatTensor of size 8x2]

[0mEpoch: [1][19/100]	Time 11.305 Err 0.5424 Acc: 25.00 LR 1e-02 DataLoadingTime 13.673[0m	
 0.6268  0.3732
 0.6268  0.3732
 0.6268  0.3732
 0.6268  0.3732
 0.6268  0.3732
 0.6268  0.3732
 0.6389  0.3611
 0.6268  0.3732
[torch.CudaTensor of size 8x2]

 0.6268  0.3732
 0.6268  0.3732
 0.6268  0.3732
 0.6268  0.3732
 0.6268  0.3732
 0.6268  0.3732
 0.6389  0.3611
 0.6268  0.3732
[torch.FloatTensor of size 8x2]

[0mEpoch: [1][20/100]	Time 11.307 Err 0.7012 Acc: 50.00 LR 1e-02 DataLoadingTime 10.522[0m	
 0.6219  0.3781
 0.6395  0.3605
 0.6219  0.3781
 0.6219  0.3781
 0.6219  0.3781
 0.6219  0.3781
 0.6219  0.3781
 0.6219  0.3781
[torch.CudaTensor of size 8x2]

 0.6219  0.3781
 0.6395  0.3605
 0.6219  0.3781
 0.6219  0.3781
 0.6219  0.3781
 0.6219  0.3781
 0.6219  0.3781
 0.6219  0.3781
[torch.FloatTensor of size 8x2]

[0mEpoch: [1][21/100]	Time 11.382 Err 0.5978 Acc: 50.00 LR 1e-02 DataLoadingTime 13.916[0m	
 0.6118  0.3882
 0.6348  0.3652
 0.6348  0.3652
 0.5354  0.4646
 0.6360  0.3640
 0.6348  0.3652
 0.6348  0.3652
 0.5643  0.4357
[torch.CudaTensor of size 8x2]

 0.6118  0.3882
 0.6348  0.3652
 0.6348  0.3652
 0.5354  0.4646
 0.6360  0.3640
 0.6348  0.3652
 0.6348  0.3652
 0.5643  0.4357
[torch.FloatTensor of size 8x2]

[0mEpoch: [1][22/100]	Time 11.306 Err 0.6483 Acc: 75.00 LR 1e-02 DataLoadingTime 6.789[0m	
 0.6125  0.3875
 0.6125  0.3875
 0.6127  0.3873
 0.5891  0.4109
 0.5996  0.4004
 0.6125  0.3875
 0.6125  0.3875
 0.6125  0.3875
[torch.CudaTensor of size 8x2]

 0.6125  0.3875
 0.6125  0.3875
 0.6127  0.3873
 0.5891  0.4109
 0.5996  0.4004
 0.6125  0.3875
 0.6125  0.3875
 0.6125  0.3875
[torch.FloatTensor of size 8x2]

[0mEpoch: [1][23/100]	Time 11.285 Err 0.5994 Acc: 50.00 LR 1e-02 DataLoadingTime 12.951[0m	
 0.5941  0.4059
 0.5956  0.4044
 0.5812  0.4188
 0.5941  0.4059
 0.6308  0.3692
 0.5812  0.4188
 0.5941  0.4059
 0.5941  0.4059
[torch.CudaTensor of size 8x2]

 0.5941  0.4059
 0.5956  0.4044
 0.5812  0.4188
 0.5941  0.4059
 0.6308  0.3692
 0.5812  0.4188
 0.5941  0.4059
 0.5941  0.4059
[torch.FloatTensor of size 8x2]

[0mEpoch: [1][24/100]	Time 11.388 Err 0.6727 Acc: 87.50 LR 1e-02 DataLoadingTime 9.299[0m	
 0.5229  0.4771
 0.5229  0.4771
 0.5229  0.4771
 0.5229  0.4771
 0.5229  0.4771
 0.5229  0.4771
 0.5229  0.4771
 0.5229  0.4771
[torch.CudaTensor of size 8x2]

 0.5229  0.4771
 0.5229  0.4771
 0.5229  0.4771
 0.5229  0.4771
 0.5229  0.4771
 0.5229  0.4771
 0.5229  0.4771
 0.5229  0.4771
[torch.FloatTensor of size 8x2]

[0mEpoch: [1][25/100]	Time 11.381 Err 0.6096 Acc: 62.50 LR 1e-02 DataLoadingTime 14.680[0m	
 0.4350  0.5650
 0.4241  0.5759
 0.4463  0.5537
 0.4463  0.5537
 0.4463  0.5537
 0.4463  0.5537
 0.4463  0.5537
 0.4350  0.5650
[torch.CudaTensor of size 8x2]

 0.4350  0.5650
 0.4241  0.5759
 0.4463  0.5537
 0.4463  0.5537
 0.4463  0.5537
 0.4463  0.5537
 0.4463  0.5537
 0.4350  0.5650
[torch.FloatTensor of size 8x2]

[0mEpoch: [1][26/100]	Time 11.307 Err 0.5837 Acc: 25.00 LR 1e-02 DataLoadingTime 11.470[0m	
 0.3556  0.6444
 0.3556  0.6444
 0.3556  0.6444
 0.3556  0.6444
 0.3556  0.6444
 0.3556  0.6444
 0.3556  0.6444
 0.3556  0.6444
[torch.CudaTensor of size 8x2]

 0.3556  0.6444
 0.3556  0.6444
 0.3556  0.6444
 0.3556  0.6444
 0.3556  0.6444
 0.3556  0.6444
 0.3556  0.6444
 0.3556  0.6444
[torch.FloatTensor of size 8x2]

[0mEpoch: [1][27/100]	Time 11.382 Err 0.6336 Acc: 50.00 LR 1e-02 DataLoadingTime 15.563[0m	
 0.2972  0.7028
 0.2972  0.7028
 0.2972  0.7028
 0.2972  0.7028
 0.2972  0.7028
 0.2972  0.7028
 0.2801  0.7199
 0.2972  0.7028
[torch.CudaTensor of size 8x2]

 0.2972  0.7028
 0.2972  0.7028
 0.2972  0.7028
 0.2972  0.7028
 0.2972  0.7028
 0.2972  0.7028
 0.2801  0.7199
 0.2972  0.7028
[torch.FloatTensor of size 8x2]

[0mEpoch: [1][28/100]	Time 11.427 Err 0.8176 Acc: 75.00 LR 1e-02 DataLoadingTime 16.561[0m	
 0.2866  0.7134
 0.2866  0.7134
 0.2866  0.7134
 0.2866  0.7134
 0.2866  0.7134
 0.2866  0.7134
 0.2866  0.7134
 0.2866  0.7134
[torch.CudaTensor of size 8x2]

 0.2866  0.7134
 0.2866  0.7134
 0.2866  0.7134
 0.2866  0.7134
 0.2866  0.7134
 0.2866  0.7134
 0.2866  0.7134
 0.2866  0.7134
[torch.FloatTensor of size 8x2]

[0mEpoch: [1][29/100]	Time 11.393 Err 0.6624 Acc: 37.50 LR 1e-02 DataLoadingTime 13.789[0m	
 0.2752  0.7248
 0.2590  0.7410
 0.2752  0.7248
 0.2752  0.7248
 0.2752  0.7248
 0.2675  0.7325
 0.2752  0.7248
 0.2752  0.7248
[torch.CudaTensor of size 8x2]

 0.2752  0.7248
 0.2590  0.7410
 0.2752  0.7248
 0.2752  0.7248
 0.2752  0.7248
 0.2675  0.7325
 0.2752  0.7248
 0.2752  0.7248
[torch.FloatTensor of size 8x2]

[0mEpoch: [1][30/100]	Time 11.380 Err 0.6570 Acc: 50.00 LR 1e-02 DataLoadingTime 12.091[0m	
 0.2815  0.7185
 0.2815  0.7185
 0.2815  0.7185
 0.2815  0.7185
 0.2815  0.7185
 0.2815  0.7185
 0.2815  0.7185
 0.2815  0.7185
[torch.CudaTensor of size 8x2]

 0.2815  0.7185
 0.2815  0.7185
 0.2815  0.7185
 0.2815  0.7185
 0.2815  0.7185
 0.2815  0.7185
 0.2815  0.7185
 0.2815  0.7185
[torch.FloatTensor of size 8x2]

[0mEpoch: [1][31/100]	Time 11.381 Err 0.6545 Acc: 50.00 LR 1e-02 DataLoadingTime 12.557[0m	
 0.3045  0.6955
 0.3045  0.6955
 0.3045  0.6955
 0.3045  0.6955
 0.3045  0.6955
 0.3045  0.6955
 0.3045  0.6955
 0.2956  0.7044
[torch.CudaTensor of size 8x2]

 0.3045  0.6955
 0.3045  0.6955
 0.3045  0.6955
 0.3045  0.6955
 0.3045  0.6955
 0.3045  0.6955
 0.3045  0.6955
 0.2956  0.7044
[torch.FloatTensor of size 8x2]

[0mEpoch: [1][32/100]	Time 11.480 Err 0.5498 Acc: 25.00 LR 1e-02 DataLoadingTime 13.662[0m	
 0.3137  0.6863
 0.3137  0.6863
 0.3137  0.6863
 0.3137  0.6863
 0.3137  0.6863
 0.3137  0.6863
 0.3137  0.6863
 0.3123  0.6877
[torch.CudaTensor of size 8x2]

 0.3137  0.6863
 0.3137  0.6863
 0.3137  0.6863
 0.3137  0.6863
 0.3137  0.6863
 0.3137  0.6863
 0.3137  0.6863
 0.3123  0.6877
[torch.FloatTensor of size 8x2]

[0mEpoch: [1][33/100]	Time 11.526 Err 0.7104 Acc: 50.00 LR 1e-02 DataLoadingTime 7.022[0m	
 0.3334  0.6666
 0.3334  0.6666
 0.3334  0.6666
 0.3334  0.6666
 0.3334  0.6666
 0.3334  0.6666
 0.3334  0.6666
 0.3141  0.6859
[torch.CudaTensor of size 8x2]

 0.3334  0.6666
 0.3334  0.6666
 0.3334  0.6666
 0.3334  0.6666
 0.3334  0.6666
 0.3334  0.6666
 0.3334  0.6666
 0.3141  0.6859
[torch.FloatTensor of size 8x2]

[0mEpoch: [1][34/100]	Time 11.386 Err 0.8319 Acc: 87.50 LR 1e-02 DataLoadingTime 11.537[0m	
 0.4141  0.5859
 0.4141  0.5859
 0.4141  0.5859
 0.4141  0.5859
 0.4141  0.5859
 0.3915  0.6085
 0.4141  0.5859
 0.4141  0.5859
[torch.CudaTensor of size 8x2]

 0.4141  0.5859
 0.4141  0.5859
 0.4141  0.5859
 0.4141  0.5859
 0.4141  0.5859
 0.3915  0.6085
 0.4141  0.5859
 0.4141  0.5859
[torch.FloatTensor of size 8x2]

[0mEpoch: [1][35/100]	Time 11.368 Err 0.6974 Acc: 50.00 LR 1e-02 DataLoadingTime 12.943[0m	
 0.4981  0.5019
 0.4981  0.5019
 0.4981  0.5019
 0.4981  0.5019
 0.4981  0.5019
 0.4981  0.5019
 0.4981  0.5019
 0.4981  0.5019
[torch.CudaTensor of size 8x2]

 0.4981  0.5019
 0.4981  0.5019
 0.4981  0.5019
 0.4981  0.5019
 0.4981  0.5019
 0.4981  0.5019
 0.4981  0.5019
 0.4981  0.5019
[torch.FloatTensor of size 8x2]

[0mEpoch: [1][36/100]	Time 11.369 Err 0.6053 Acc: 12.50 LR 1e-02 DataLoadingTime 17.193[0m	
 0.4449  0.5551
 0.5239  0.4761
 0.5239  0.4761
 0.5239  0.4761
 0.5239  0.4761
 0.5235  0.4765
 0.5239  0.4761
 0.5239  0.4761
[torch.CudaTensor of size 8x2]

 0.4449  0.5551
 0.5239  0.4761
 0.5239  0.4761
 0.5239  0.4761
 0.5239  0.4761
 0.5235  0.4765
 0.5239  0.4761
 0.5239  0.4761
[torch.FloatTensor of size 8x2]

[0mEpoch: [1][37/100]	Time 11.373 Err 0.5919 Acc: 12.50 LR 1e-02 DataLoadingTime 13.974[0m	
 0.5949  0.4051
 0.5795  0.4205
 0.5949  0.4051
 0.5949  0.4051
 0.5949  0.4051
 0.5949  0.4051
 0.5949  0.4051
 0.5795  0.4205
[torch.CudaTensor of size 8x2]

 0.5949  0.4051
 0.5795  0.4205
 0.5949  0.4051
 0.5949  0.4051
 0.5949  0.4051
 0.5949  0.4051
 0.5949  0.4051
 0.5795  0.4205
[torch.FloatTensor of size 8x2]

[0mEpoch: [1][38/100]	Time 11.364 Err 0.6241 Acc: 62.50 LR 1e-02 DataLoadingTime 7.210[0m	
 0.6409  0.3591
 0.6409  0.3591
 0.6409  0.3591
 0.6409  0.3591
 0.6409  0.3591
 0.6409  0.3591
 0.6409  0.3591
 0.6156  0.3844
[torch.CudaTensor of size 8x2]

 0.6409  0.3591
 0.6409  0.3591
 0.6409  0.3591
 0.6409  0.3591
 0.6409  0.3591
 0.6409  0.3591
 0.6409  0.3591
 0.6156  0.3844
[torch.FloatTensor of size 8x2]

[0mEpoch: [1][39/100]	Time 11.375 Err 0.7030 Acc: 50.00 LR 1e-02 DataLoadingTime 9.521[0m	
 0.6711  0.3289
 0.6711  0.3289
 0.6462  0.3538
 0.6711  0.3289
 0.6711  0.3289
 0.6711  0.3289
 0.6711  0.3289
 0.6711  0.3289
[torch.CudaTensor of size 8x2]

 0.6711  0.3289
 0.6711  0.3289
 0.6462  0.3538
 0.6711  0.3289
 0.6711  0.3289
 0.6711  0.3289
 0.6711  0.3289
 0.6711  0.3289
[torch.FloatTensor of size 8x2]

[0mEpoch: [1][40/100]	Time 11.354 Err 0.6640 Acc: 37.50 LR 1e-02 DataLoadingTime 10.456[0m	
 0.7022  0.2978
 0.7022  0.2978
 0.7022  0.2978
 0.7022  0.2978
 0.7022  0.2978
 0.7022  0.2978
 0.7023  0.2977
 0.7022  0.2978
[torch.CudaTensor of size 8x2]

 0.7022  0.2978
 0.7022  0.2978
 0.7022  0.2978
 0.7022  0.2978
 0.7022  0.2978
 0.7022  0.2978
 0.7023  0.2977
 0.7022  0.2978
[torch.FloatTensor of size 8x2]

[0mEpoch: [1][41/100]	Time 11.377 Err 0.7135 Acc: 50.00 LR 1e-02 DataLoadingTime 14.436[0m	
 0.7033  0.2967
 0.7033  0.2967
 0.7179  0.2821
 0.7179  0.2821
 0.7179  0.2821
 0.7179  0.2821
 0.7179  0.2821
 0.7179  0.2821
[torch.CudaTensor of size 8x2]

 0.7033  0.2967
 0.7033  0.2967
 0.7179  0.2821
 0.7179  0.2821
 0.7179  0.2821
 0.7179  0.2821
 0.7179  0.2821
 0.7179  0.2821
[torch.FloatTensor of size 8x2]

[0mEpoch: [1][42/100]	Time 11.344 Err 0.5991 Acc: 50.00 LR 1e-02 DataLoadingTime 10.151[0m	
 0.7285  0.2715
 0.7285  0.2715
 0.7141  0.2859
 0.7285  0.2715
 0.7285  0.2715
 0.7285  0.2715
 0.7141  0.2859
 0.7189  0.2811
[torch.CudaTensor of size 8x2]

 0.7285  0.2715
 0.7285  0.2715
 0.7141  0.2859
 0.7285  0.2715
 0.7285  0.2715
 0.7285  0.2715
 0.7141  0.2859
 0.7189  0.2811
[torch.FloatTensor of size 8x2]

[0mEpoch: [1][43/100]	Time 11.331 Err 0.7749 Acc: 62.50 LR 1e-02 DataLoadingTime 10.582[0m	
 0.7136  0.2864
 0.6896  0.3104
 0.7136  0.2864
 0.7136  0.2864
 0.6988  0.3012
 0.7136  0.2864
 0.7136  0.2864
 0.7136  0.2864
[torch.CudaTensor of size 8x2]

 0.7136  0.2864
 0.6896  0.3104
 0.7136  0.2864
 0.7136  0.2864
 0.6988  0.3012
 0.7136  0.2864
 0.7136  0.2864
 0.7136  0.2864
[torch.FloatTensor of size 8x2]

[0mEpoch: [1][44/100]	Time 11.380 Err 0.7150 Acc: 50.00 LR 1e-02 DataLoadingTime 15.270[0m	
 0.6880  0.3120
 0.6880  0.3120
 0.6880  0.3120
 0.6880  0.3120
 0.6880  0.3120
 0.6880  0.3120
 0.6880  0.3120
 0.6880  0.3120
[torch.CudaTensor of size 8x2]

 0.6880  0.3120
 0.6880  0.3120
 0.6880  0.3120
 0.6880  0.3120
 0.6880  0.3120
 0.6880  0.3120
 0.6880  0.3120
 0.6880  0.3120
[torch.FloatTensor of size 8x2]

[0mEpoch: [1][45/100]	Time 11.394 Err 0.6924 Acc: 75.00 LR 1e-02 DataLoadingTime 16.316[0m	
 0.6297  0.3703
 0.6297  0.3703
 0.6297  0.3703
 0.6297  0.3703
 0.6297  0.3703
 0.6297  0.3703
 0.6297  0.3703
 0.6297  0.3703
[torch.CudaTensor of size 8x2]

 0.6297  0.3703
 0.6297  0.3703
 0.6297  0.3703
 0.6297  0.3703
 0.6297  0.3703
 0.6297  0.3703
 0.6297  0.3703
 0.6297  0.3703
[torch.FloatTensor of size 8x2]

[0mEpoch: [1][46/100]	Time 11.361 Err 0.5652 Acc: 37.50 LR 1e-02 DataLoadingTime 15.900[0m	
 0.5931  0.4069
 0.5931  0.4069
 0.5931  0.4069
 0.5773  0.4227
 0.5931  0.4069
 0.5931  0.4069
 0.5931  0.4069
 0.5773  0.4227
[torch.CudaTensor of size 8x2]

 0.5931  0.4069
 0.5931  0.4069
 0.5931  0.4069
 0.5773  0.4227
 0.5931  0.4069
 0.5931  0.4069
 0.5931  0.4069
 0.5773  0.4227
[torch.FloatTensor of size 8x2]

[0mEpoch: [1][47/100]	Time 11.359 Err 0.5557 Acc: 25.00 LR 1e-02 DataLoadingTime 9.057[0m	
 0.6009  0.3991
 0.6009  0.3991
 0.6009  0.3991
 0.6009  0.3991
 0.6009  0.3991
 0.6009  0.3991
 0.6009  0.3991
 0.6009  0.3991
[torch.CudaTensor of size 8x2]

 0.6009  0.3991
 0.6009  0.3991
 0.6009  0.3991
 0.6009  0.3991
 0.6009  0.3991
 0.6009  0.3991
 0.6009  0.3991
 0.6009  0.3991
[torch.FloatTensor of size 8x2]

[0mEpoch: [1][48/100]	Time 11.377 Err 0.6225 Acc: 12.50 LR 1e-02 DataLoadingTime 10.993[0m	
 0.6550  0.3450
 0.6345  0.3655
 0.6550  0.3450
 0.6550  0.3450
 0.6550  0.3450
 0.6550  0.3450
 0.6394  0.3606
 0.6394  0.3606
[torch.CudaTensor of size 8x2]

 0.6550  0.3450
 0.6345  0.3655
 0.6550  0.3450
 0.6550  0.3450
 0.6550  0.3450
 0.6550  0.3450
 0.6394  0.3606
 0.6394  0.3606
[torch.FloatTensor of size 8x2]

[0mEpoch: [1][49/100]	Time 11.392 Err 0.6380 Acc: 62.50 LR 1e-02 DataLoadingTime 13.904[0m	
 0.6846  0.3154
 0.6693  0.3307
 0.6693  0.3307
 0.6846  0.3154
 0.6846  0.3154
 0.6846  0.3154
 0.6846  0.3154
 0.6846  0.3154
[torch.CudaTensor of size 8x2]

 0.6846  0.3154
 0.6693  0.3307
 0.6693  0.3307
 0.6846  0.3154
 0.6846  0.3154
 0.6846  0.3154
 0.6846  0.3154
 0.6846  0.3154
[torch.FloatTensor of size 8x2]

[0mEpoch: [1][50/100]	Time 11.375 Err 0.7110 Acc: 50.00 LR 1e-02 DataLoadingTime 9.473[0m	
 0.6847  0.3153
 0.6847  0.3153
 0.6847  0.3153
 0.6847  0.3153
 0.6847  0.3153
 0.6856  0.3144
 0.6847  0.3153
 0.6847  0.3153
[torch.CudaTensor of size 8x2]

 0.6847  0.3153
 0.6847  0.3153
 0.6847  0.3153
 0.6847  0.3153
 0.6847  0.3153
 0.6856  0.3144
 0.6847  0.3153
 0.6847  0.3153
[torch.FloatTensor of size 8x2]

[0mEpoch: [1][51/100]	Time 11.350 Err 0.6639 Acc: 37.50 LR 1e-02 DataLoadingTime 12.819[0m	
 0.7022  0.2978
 0.7022  0.2978
 0.7022  0.2978
 0.7022  0.2978
 0.7022  0.2978
 0.7022  0.2978
 0.7022  0.2978
 0.7022  0.2978
[torch.CudaTensor of size 8x2]

 0.7022  0.2978
 0.7022  0.2978
 0.7022  0.2978
 0.7022  0.2978
 0.7022  0.2978
 0.7022  0.2978
 0.7022  0.2978
 0.7022  0.2978
[torch.FloatTensor of size 8x2]

[0mEpoch: [1][52/100]	Time 11.371 Err 0.7134 Acc: 50.00 LR 1e-02 DataLoadingTime 11.323[0m	
 0.7064  0.2936
 0.7064  0.2936
 0.7064  0.2936
 0.7064  0.2936
 0.7064  0.2936
 0.7064  0.2936
 0.7064  0.2936
 0.7064  0.2936
[torch.CudaTensor of size 8x2]

 0.7064  0.2936
 0.7064  0.2936
 0.7064  0.2936
 0.7064  0.2936
 0.7064  0.2936
 0.7064  0.2936
 0.7064  0.2936
 0.7064  0.2936
[torch.FloatTensor of size 8x2]

[0mEpoch: [1][53/100]	Time 11.577 Err 0.5595 Acc: 12.50 LR 1e-02 DataLoadingTime 9.991[0m	
 0.7391  0.2609
 0.7391  0.2609
 0.7391  0.2609
 0.7391  0.2609
 0.7391  0.2609
 0.7391  0.2609
 0.7391  0.2609
 0.7391  0.2609
[torch.CudaTensor of size 8x2]

 0.7391  0.2609
 0.7391  0.2609
 0.7391  0.2609
 0.7391  0.2609
 0.7391  0.2609
 0.7391  0.2609
 0.7391  0.2609
 0.7391  0.2609
[torch.FloatTensor of size 8x2]

[0mEpoch: [1][54/100]	Time 11.405 Err 0.6014 Acc: 50.00 LR 1e-02 DataLoadingTime 12.590[0m	
 0.7629  0.2371
 0.7629  0.2371
 0.7629  0.2371
 0.7629  0.2371
 0.7629  0.2371
 0.7629  0.2371
 0.7629  0.2371
 0.7629  0.2371
[torch.CudaTensor of size 8x2]

 0.7629  0.2371
 0.7629  0.2371
 0.7629  0.2371
 0.7629  0.2371
 0.7629  0.2371
 0.7629  0.2371
 0.7629  0.2371
 0.7629  0.2371
[torch.FloatTensor of size 8x2]

[0mEpoch: [1][55/100]	Time 11.322 Err 0.7350 Acc: 75.00 LR 1e-02 DataLoadingTime 9.447[0m	
 0.7585  0.2415
 0.7585  0.2415
 0.7585  0.2415
 0.7585  0.2415
 0.7585  0.2415
 0.7585  0.2415
 0.7585  0.2415
 0.7585  0.2415
[torch.CudaTensor of size 8x2]

 0.7585  0.2415
 0.7585  0.2415
 0.7585  0.2415
 0.7585  0.2415
 0.7585  0.2415
 0.7585  0.2415
 0.7585  0.2415
 0.7585  0.2415
[torch.FloatTensor of size 8x2]

[0mEpoch: [1][56/100]	Time 11.553 Err 0.6616 Acc: 37.50 LR 1e-02 DataLoadingTime 15.074[0m	
 0.7543  0.2457
 0.7543  0.2457
 0.7543  0.2457
 0.7543  0.2457
 0.7543  0.2457
 0.7543  0.2457
 0.7381  0.2619
 0.7543  0.2457
[torch.CudaTensor of size 8x2]

 0.7543  0.2457
 0.7543  0.2457
 0.7543  0.2457
 0.7543  0.2457
 0.7543  0.2457
 0.7543  0.2457
 0.7381  0.2619
 0.7543  0.2457
[torch.FloatTensor of size 8x2]

[0mEpoch: [1][57/100]	Time 11.366 Err 0.5381 Acc: 37.50 LR 1e-02 DataLoadingTime 9.024[0m	
 0.7576  0.2424
 0.7576  0.2424
 0.7576  0.2424
 0.7576  0.2424
 0.7576  0.2424
 0.7576  0.2424
 0.7576  0.2424
 0.7576  0.2424
[torch.CudaTensor of size 8x2]

 0.7576  0.2424
 0.7576  0.2424
 0.7576  0.2424
 0.7576  0.2424
 0.7576  0.2424
 0.7576  0.2424
 0.7576  0.2424
 0.7576  0.2424
[torch.FloatTensor of size 8x2]

[0mEpoch: [1][58/100]	Time 11.565 Err 0.6616 Acc: 37.50 LR 1e-02 DataLoadingTime 10.066[0m	
 0.7604  0.2396
 0.7604  0.2396
 0.7604  0.2396
 0.7604  0.2396
 0.7604  0.2396
 0.7604  0.2396
 0.7604  0.2396
 0.7604  0.2396
[torch.CudaTensor of size 8x2]

 0.7604  0.2396
 0.7604  0.2396
 0.7604  0.2396
 0.7604  0.2396
 0.7604  0.2396
 0.7604  0.2396
 0.7604  0.2396
 0.7604  0.2396
[torch.FloatTensor of size 8x2]

[0mEpoch: [1][59/100]	Time 11.367 Err 0.6033 Acc: 50.00 LR 1e-02 DataLoadingTime 14.750[0m	
